2025-04-06 21:51:24,089 - modules.system_coordinator.config_loader - INFO - Configuration loaded from config/config.ini
2025-04-06 21:51:24,090 - __main__ - ERROR - Failed to initialize system: 'str' object cannot be interpreted as an integer
2025-04-06 21:51:24,098 - __main__ - ERROR - System initialization failed
2025-04-06 21:51:24,099 - __main__ - INFO - System shutdown complete
2025-04-06 21:52:33,708 - modules.system_coordinator.config_loader - INFO - Configuration loaded from config/config.ini
2025-04-06 21:52:33,709 - __main__ - ERROR - Failed to initialize system: invalid literal for int() with base 10: 'str'
2025-04-06 21:52:33,711 - __main__ - ERROR - System initialization failed
2025-04-06 21:52:33,711 - __main__ - INFO - System shutdown complete
2025-04-06 21:53:14,916 - modules.system_coordinator.config_loader - INFO - Configuration loaded from config/config.ini
2025-04-06 21:53:14,917 - __main__ - ERROR - Failed to initialize system: invalid literal for int() with base 10: 'str'
2025-04-06 21:53:14,918 - __main__ - ERROR - System initialization failed
2025-04-06 21:53:14,919 - __main__ - INFO - System shutdown complete
2025-04-06 21:53:53,484 - modules.system_coordinator.config_loader - INFO - Configuration loaded from config/config.ini
2025-04-06 21:53:53,486 - modules.system_coordinator.event_bus - INFO - Event bus initialized (async=True, workers=4)
2025-04-06 21:53:53,487 - modules.system_coordinator.state_manager - INFO - State manager initialized in INITIALIZING state
2025-04-06 21:53:53,488 - modules.ble_positioning.beacon_registry - ERROR - Error initializing database: file is not a database
2025-04-06 21:53:53,489 - __main__ - ERROR - Failed to initialize system: file is not a database
2025-04-06 21:53:53,491 - __main__ - ERROR - System initialization failed
2025-04-06 21:53:53,492 - __main__ - INFO - System shutdown complete
2025-04-06 21:57:17,659 - modules.system_coordinator.config_loader - INFO - Configuration loaded from config/config.ini
2025-04-06 21:57:17,662 - modules.system_coordinator.event_bus - INFO - Event bus initialized (async=True, workers=4)
2025-04-06 21:57:17,662 - modules.system_coordinator.state_manager - INFO - State manager initialized in INITIALIZING state
2025-04-06 21:57:17,664 - modules.ble_positioning.beacon_registry - ERROR - Error initializing database: file is not a database
2025-04-06 21:57:17,665 - __main__ - ERROR - Failed to initialize system: file is not a database
2025-04-06 21:57:17,668 - __main__ - ERROR - System initialization failed
2025-04-06 21:57:17,669 - __main__ - INFO - System shutdown complete
2025-04-06 21:59:53,898 - modules.system_coordinator.config_loader - INFO - Configuration loaded from config/config.ini
2025-04-06 21:59:53,906 - modules.system_coordinator.event_bus - INFO - Event bus initialized (async=True, workers=4)
2025-04-06 21:59:53,907 - modules.system_coordinator.state_manager - INFO - State manager initialized in INITIALIZING state
2025-04-06 21:59:53,947 - modules.ble_positioning.beacon_registry - ERROR - Error syncing JSON to database: table beacons has no column named grid_x
2025-04-06 21:59:53,949 - modules.ble_positioning.beacon_registry - ERROR - Error getting all beacons: no such column: grid_x
2025-04-06 21:59:53,950 - modules.ble_positioning.beacon_registry - INFO - Beacon registry initialized with 0 beacons
2025-04-06 21:59:53,950 - __main__ - ERROR - Failed to initialize system: 'BeaconRegistry' object has no attribute 'register'
2025-04-06 21:59:53,954 - __main__ - ERROR - System initialization failed
2025-04-06 21:59:53,955 - __main__ - INFO - System shutdown complete
2025-04-06 22:02:15,644 - modules.system_coordinator.config_loader - INFO - Configuration loaded from config/config.ini
2025-04-06 22:02:15,651 - modules.system_coordinator.event_bus - INFO - Event bus initialized (async=True, workers=4)
2025-04-06 22:02:15,652 - modules.system_coordinator.state_manager - INFO - State manager initialized in INITIALIZING state
2025-04-06 22:02:15,658 - modules.ble_positioning.beacon_registry - ERROR - Error syncing JSON to database: table beacons has no column named grid_x
2025-04-06 22:02:15,659 - modules.ble_positioning.beacon_registry - ERROR - Error getting all beacons: no such column: grid_x
2025-04-06 22:02:15,660 - modules.ble_positioning.beacon_registry - INFO - Beacon registry initialized with 0 beacons
2025-04-06 22:02:15,660 - __main__ - ERROR - Failed to initialize system: 'BeaconRegistry' object has no attribute 'register'
2025-04-06 22:02:15,663 - __main__ - ERROR - System initialization failed
2025-04-06 22:02:15,663 - __main__ - INFO - System shutdown complete
